\BOOKMARK [1][-]{table.1}{Preliminares}{}% 1
\BOOKMARK [2][-]{section*.1}{Autoridades}{table.1}% 2
\BOOKMARK [2][-]{section*.1}{Antecedentes}{table.1}% 3
\BOOKMARK [1][-]{section*.1}{Comunicaciones orales}{}% 4
\BOOKMARK [2][-]{section*.2}{Control de procesos}{section*.1}% 5
\BOOKMARK [2][-]{section*.2}{Datos categ\363ricos}{section*.1}% 6
\BOOKMARK [2][-]{section*.2}{Datos de duraci\363n}{section*.1}% 7
\BOOKMARK [2][-]{section*.2}{Datos faltantes}{section*.1}% 8
\BOOKMARK [2][-]{section*.2}{Dise\361o de experimentos}{section*.1}% 9
\BOOKMARK [2][-]{section*.2}{Estad\355stica espacial}{section*.1}% 10
\BOOKMARK [2][-]{section*.2}{Inferencia estad\355stica}{section*.1}% 11
\BOOKMARK [2][-]{section*.2}{M\351todos bayesianos}{section*.1}% 12
\BOOKMARK [2][-]{section*.2}{M\351todos multivariados}{section*.1}% 13
\BOOKMARK [2][-]{section*.2}{M\351todos no param\351tricos}{section*.1}% 14
\BOOKMARK [2][-]{section*.2}{Miner\355a de datos}{section*.1}% 15
\BOOKMARK [2][-]{section*.2}{Modelos de regresi\363n}{section*.1}% 16
\BOOKMARK [2][-]{section*.2}{Muestreo}{section*.1}% 17
\BOOKMARK [2][-]{section*.2}{Probabilidad y procesos estoc\341sticos}{section*.1}% 18
\BOOKMARK [2][-]{section*.2}{Series de tiempo}{section*.1}% 19
\BOOKMARK [2][-]{section*.2}{Teor\355a sobre distribuciones de probabilidad}{section*.1}% 20
\BOOKMARK [2][-]{section*.2}{Otras categor\355as metodol\363gicas}{section*.1}% 21
\BOOKMARK [1][-]{section*.2}{P\363sters}{}% 22
\BOOKMARK [2][-]{section*.3}{Datos categ\363ricos}{section*.2}% 23
\BOOKMARK [2][-]{section*.3}{Datos de duraci\363n}{section*.2}% 24
\BOOKMARK [2][-]{section*.3}{Datos faltantes}{section*.2}% 25
\BOOKMARK [2][-]{section*.3}{Dise\361o de experimentos}{section*.2}% 26
\BOOKMARK [2][-]{section*.3}{Estad\355stica espacial}{section*.2}% 27
\BOOKMARK [2][-]{section*.3}{Inferencia estad\355stica}{section*.2}% 28
\BOOKMARK [2][-]{section*.3}{M\351todos bayesianos}{section*.2}% 29
\BOOKMARK [2][-]{section*.3}{M\351todos multivariados}{section*.2}% 30
\BOOKMARK [2][-]{section*.3}{M\351todos no param\351tricos}{section*.2}% 31
\BOOKMARK [2][-]{section*.3}{M\351todos robustos}{section*.2}% 32
\BOOKMARK [2][-]{section*.3}{Miner\355a de datos}{section*.2}% 33
\BOOKMARK [2][-]{section*.3}{Modelos de regresi\363n}{section*.2}% 34
\BOOKMARK [2][-]{section*.3}{Muestreo}{section*.2}% 35
\BOOKMARK [2][-]{section*.3}{Probabilidad y procesos estoc\341sticos}{section*.2}% 36
\BOOKMARK [2][-]{section*.3}{Probabilidades }{section*.2}% 37
\BOOKMARK [2][-]{section*.3}{Series de tiempo}{section*.2}% 38
\BOOKMARK [2][-]{section*.3}{Otras categor\355as metodol\363gicas}{section*.2}% 39
\BOOKMARK [1][-]{section*.3}{\315ndice de autores}{}% 40
