\BOOKMARK [1][]{table.1}{Conferencias}{}% 1
\BOOKMARK [2][]{section*.1}{CONFERENCIA INAUGURAL: EL CENSO, ELEMENTO FUNDAMENTAL DE UN SISTEMA MODERNO DE ESTAD\315STICAS NACIONALES. DR. ALPHONSE L. MACDONALD}{table.1}% 2
\BOOKMARK [3][]{section*.1}{PENSAMIENTO ESTAD\315STICO: \277EJE GU\315A EN LOS CURSOS FORMALES DE ESTAD\315STICA? . DR. ROBERTO BEHAR GUTIERREZ}{table.1}% 3
\BOOKMARK [3][]{section*.1}{PRINCIPALES DESAF\315OS EN LA RECONSTRUCCI\323N Y AMPLIACI\323N DEL IPC AL \301MBITO NACIONAL. MG. ALEJANDRA CLEMENTE}{table.1}% 4
\BOOKMARK [3][]{section*.1}{IMPACTO DE LOS ERRORES DE MEDICI\323N EN LA EVALUACI\323N DE LA CAPACIDAD DE PROCESOS MULTIVARIADOS. DRA. DANIELA DIANDA}{table.1}% 5
\BOOKMARK [3][]{section*.1}{EL IASI: ORIGEN, OBJETIVOS Y ACTIVIDADES RELEVANTES. DR. EVELIO O. FABBRONI}{table.1}% 6
\BOOKMARK [3][]{section*.1}{MODELANDO NOTICIAS COMPLEJAS Y SOSPECHOSAS: UN ENFOQUE MULTI-T\311CNICA Y MULTIVARIADO. DR. JOS\311 LUIS GUERRERO-CUSUMANO}{table.1}% 7
\BOOKMARK [3][]{section*.1}{ENSE\321ANZA DE LA ESTAD\315STICA: LA FORMACI\323N DEL PROFESORADO ANTE EL RETO DE LA EDUCACI\323N CR\315TICA. PROF. MAR\315A IN\311S HERRERA}{table.1}% 8
\BOOKMARK [3][]{section*.1}{ESTAD\315STICAS OFICIALES: EMPODERAMIENTO Y VISIBILIDAD DE LAS CUESTIONES SOCIALES. DRA. MARCIA QUINTSLR}{table.1}% 9
\BOOKMARK [3][]{section*.1}{AN\301LISIS BAYESIANO DE PAR\301METROS EN ECUACIONES EN DERIVADAS PARCIALES LINEALES. DR. MARCO SCAVINO}{table.1}% 10
\BOOKMARK [3][]{section*.1}{ALFABETIZACI\323N Y CULTURA ESTAD\315STICA DE LOS PROFESORES: \277UN LOGRO O UNA NECESIDAD?. DRA. LILIANA TAUBER}{table.1}% 11
\BOOKMARK [3][]{section*.1}{ENSE\321ANDO ESTAD\315STICA HOY. DRA. TERESITA TER\301N}{table.1}% 12
\BOOKMARK [1][]{section*.1}{Cursos}{}% 13
\BOOKMARK [2][]{section*.2}{DEFINITIVE SCREENING AS A SYSTEM FOR EXPERIMENTAL DESIGN AND OPTIMIZATION. DR. CHRISTOPHER J. NACHTSHEIM}{section*.1}% 14
\BOOKMARK [3][]{section*.2}{INTERLOCUTORES DE LOS SISTEMAS ESTAD\315STICOS NACIONALES EN EL MARCO DE LA CALIDAD EN LAS ESTAD\315STICAS OFICIALES. DRA. MARCIA QUINTSLR}{section*.1}% 15
\BOOKMARK [3][]{section*.2}{INTRODUCCI\323N A R-INLA. AJUSTE DE MODELOS ESPACIALES Y ESPACIOTEMPORALES A DATOS DE \301REA CON APLICACIONES EN EPIDEMIOLOG\315A. DRA. MAR\315A DOLORES UGARTE}{section*.1}% 16
\BOOKMARK [3][]{section*.2}{MODELOS DE MAPEO ASOCIATIVO EN INFO-GEN. DRA. CECILIA BRUNO y DRA. ANDREA PE\321A MALAVERA}{section*.1}% 17
\BOOKMARK [1][]{section*.2}{Talleres}{}% 18
\BOOKMARK [2][]{section*.3}{\277SON REALMENTE CENSOS LOS CENSOS POR REGISTROS?. DR. ALPHONSE L. MACDONALD}{section*.2}% 19
\BOOKMARK [3][]{section*.3}{APRENDIENDO DISTRIBUCIONES DE MUESTREO MEDIANTE SIMULACI\323N. MG. GUILLERMO SABINO}{section*.2}% 20
\BOOKMARK [3][]{section*.3}{VARIACIONES AZAROSAS EN EL AULA DE ESTAD\315STICA. DRA. LILIANA TAUBER Y ESP. SILVANA SANTELL\301N}{section*.2}% 21
\BOOKMARK [1][]{section*.3}{Mesas redondas}{}% 22
\BOOKMARK [2][]{section*.4}{MESA DE AN\301LISIS DE DATOS: INDICADORES DE MALNUTRICI\323N INFANTIL EN CONTEXTOS DE VULNERABILIDAD SOCIAL Y AMBIENTAL}{section*.3}% 23
\BOOKMARK [3][]{section*.4}{MESA REDONDA: DESAF\315OS ACTUALES QUE ENFRENTA LA ESTAD\315STICA OFICIAL}{section*.3}% 24
\BOOKMARK [3][]{section*.4}{MESA DE AN\301LISIS "IN SITU": MODELOS LINEALES GENERALIZADOS MIXTOS CON INFOSTAT}{section*.3}% 25
\BOOKMARK [3][]{section*.4}{MESA REDONDA: DISCUSI\323N SOBRE PLANES DE ESTUDIO DE LICENCIATURAS EN ESTAD\315STICA DE LA REGI\323N}{section*.3}% 26
\BOOKMARK [1][]{section*.4}{Concursos para estudiantes}{}% 27
\BOOKMARK [2][]{section*.5}{CONCURSO J\323VENES BIOMETRISTAS}{section*.4}% 28
\BOOKMARK [3][]{section*.5}{TRABAJO EN P\323STER DESTACADO PARA ESTUDIANTES}{section*.4}% 29
\BOOKMARK [1][]{section*.5}{Comunicaciones orales}{}% 30
\BOOKMARK [2][]{section*.6}{Control de procesos}{section*.5}% 31
\BOOKMARK [3][]{section*.6}{GR\301FICOS DE CONTROL DE PROCESOS DE ALTA CALIDAD MULTI-ATRIBUTO MEDIANTE LA DISTRIBUCION MULTINOMIAL}{section*.5}% 32
\BOOKMARK [3][]{section*.6}{GR\301FICOS DE CONTROL MULTIVARIADOS PARA PROCESOS DE ATRIBUTOS DE ALTA CALIDAD}{section*.5}% 33
\BOOKMARK [2][]{section*.6}{Datos categ\363ricos}{section*.5}% 34
\BOOKMARK [3][]{section*.7}{PROBABILIDAD DE MOROSIDAD EN LOS CR\311DITOS DE CONSUMO DE UNA COOPERATIVA DE AHORRO Y CR\311DITO DE PARAGUAY}{section*.6}% 35
\BOOKMARK [2][]{section*.7}{Datos de duraci\363n}{section*.5}% 36
\BOOKMARK [3][]{section*.8}{BIVARIATE GENERALIZED MODIFIED WEIBULL DISTRIBUTION FOR LIFETIME MODELING WITH A CURE FRACTION}{section*.7}% 37
\BOOKMARK [3][]{section*.8}{ESTUDIO SOBRE LA DEMORA EN LA ELECCI\323N DE CARRERA EN UNA FACULTAD DE ROSARIO MEDIANTE ANALISIS DE SUPERVIVENCIA PARA TIEMPOS AGRUPADOS}{section*.7}% 38
\BOOKMARK [3][]{section*.8}{INFERENCIA Y BONDAD DE AJUSTE PARA DATOS CON CENSURAS H\315BRIDA Y PROGRESIVA}{section*.7}% 39
\BOOKMARK [2][]{section*.8}{Datos faltantes}{section*.5}% 40
\BOOKMARK [3][]{section*.9}{EFECTO DE VALORES FALTANTES EN ESTUDIOS LONGITUDINALES EN ADULTOS MAYORES}{section*.8}% 41
\BOOKMARK [2][]{section*.9}{Dise\361o de experimentos}{section*.5}% 42
\BOOKMARK [3][]{section*.10}{AN\301LISIS POR DISE\321O EXPERIMENTAL DE LA REMOCI\323N DE CASEINATO DE SODIO POR EC-EF}{section*.9}% 43
\BOOKMARK [3][]{section*.10}{EXPERIMENTOS DE SCREENING BASADOS EN FRACCIONES NO REGULARES}{section*.9}% 44
\BOOKMARK [3][]{section*.10}{UN ESTUDIO COMPARATIVO DE TRES CRITERIOS DE D-OPTIMALIDAD BAYESIANOS EN UN MODELO NO LINEAL}{section*.9}% 45
\BOOKMARK [2][]{section*.10}{Estad\355stica espacial}{section*.5}% 46
\BOOKMARK [3][]{section*.11}{AN\301LISIS ESPACIAL DE PAR\301METROS MAGN\311TICOS}{section*.10}% 47
\BOOKMARK [3][]{section*.11}{COMPARACI\323N DE DIFERENTES METEDOLOG\315AS PARA LA PREDICCI\323N DEL VALOR CONTADO DE UN INMUEBLE}{section*.10}% 48
\BOOKMARK [3][]{section*.11}{IMPUTACI\323N DE DATOS FALTANTES DEL CENSO DE POBLACI\323N Y VIVIENDA UTILIZANDO T\311CNICAS DE ESTAD\315STICA ESPACIAL}{section*.10}% 49
\BOOKMARK [3][]{section*.11}{MEDIDAS TIPO R-CUADRADO PARA MODELOS ESPACIALES}{section*.10}% 50
\BOOKMARK [2][]{section*.11}{Inferencia estad\355stica}{section*.5}% 51
\BOOKMARK [3][]{section*.12}{AN EXTENSION OF HORVITZ-THOMPSON ESTIMATOR APPLICATION: ESTIMATION OF NETWORK DEGREE DISTRIBUTION}{section*.11}% 52
\BOOKMARK [3][]{section*.12}{EL VALOR DE EDUCARSE EN ARGENTINA UN AN\301LISIS TEMPORAL}{section*.11}% 53
\BOOKMARK [3][]{section*.12}{UNA APLICACION ACTUARIAL DEL MODELO DE AZBEL}{section*.11}% 54
\BOOKMARK [2][]{section*.12}{M\351todos bayesianos}{section*.5}% 55
\BOOKMARK [3][]{section*.13}{APLICACI\323N DEL ALGORITMO EM \(EXPECTATION-MAXIMIZATION\)}{section*.12}% 56
\BOOKMARK [3][]{section*.13}{BAYESIAN ESTIMATION IN THE ADDITIVE HAZARDS MODEL}{section*.12}% 57
\BOOKMARK [3][]{section*.13}{HIERARCHICAL BAYESIAN ANALYSIS OF ALLELE-SPECIFIC GENE EXPRESSION DATA}{section*.12}% 58
\BOOKMARK [3][]{section*.13}{INTEGRANDO LA ESTIMACI\323N BAYESIANA A LOS MODELOS DE ECUACIONES ESTRUCTURALES \(SEM\)}{section*.12}% 59
\BOOKMARK [3][]{section*.13}{PRON\323STICO DEL PRECIO DE ACCIONES EMPLEANDO MODELOS OCULTOS DE MARKOV}{section*.12}% 60
\BOOKMARK [2][]{section*.13}{M\351todos multivariados}{section*.5}% 61
\BOOKMARK [3][]{section*.14}{ELABORACI\323N DE PERFILES EPIDEMIOL\323GICOS EN ESTUDIOS SANITARIOS MEDIANTE T\311CNICAS DE CLUSTERING DIFUSO Y AN\301LISIS DE REDES}{section*.13}% 62
\BOOKMARK [3][]{section*.14}{M\311TODOS DE AN\301LISIS MULTIVARIADO A TRES V\315AS PARA IDENTIFICACI\323N DE ASOCIACIONES ENTRE CARACTERES FENOT\315PICOS Y MARCADORES MOLECULARES}{section*.13}% 63
\BOOKMARK [3][]{section*.14}{PROPIEDAD DE MUESTREO DE \315NDICES DE SIMILITUD BASADOS EN DATOS BINARIOS}{section*.13}% 64
\BOOKMARK [2][]{section*.14}{M\351todos no param\351tricos}{section*.5}% 65
\BOOKMARK [3][]{section*.15}{PROJECTION PURSUIT CLASSIFICATION RANDOM FORESTS}{section*.14}% 66
\BOOKMARK [3][]{section*.15}{REPRESENTA\307\303O DA ESTRUTURA DO PENSAMENTO COLETIVO SOBRE AS ENCHENTES DO RIO DOCE: CONECTANDO INDIV\315DUOS AFINS ATRAV\311S DA TEORIA DOS GRAFOS}{section*.14}% 67
\BOOKMARK [2][]{section*.15}{Miner\355a de datos}{section*.5}% 68
\BOOKMARK [3][]{section*.16}{EL ARTE DE LOS N\332MEROS EN LA TRIBUTACI\323N}{section*.15}% 69
\BOOKMARK [3][]{section*.16}{INCORPORACI\323N DE LOS PROCESOS KDD \(KNOWLEDGE DISCOVERY IN DATABASES\) EN LA CARRERA DE MEDICINA VETERINARIA}{section*.15}% 70
\BOOKMARK [2][]{section*.16}{Modelos de regresi\363n}{section*.5}% 71
\BOOKMARK [3][]{section*.17}{ALTERNATIVA PARA LA ASIGNACI\323N DE VALORES DE REFERENCIA EN LA DIMENSI\323N SALUD REPRODUCTIVA DEL \315NDICE DE DESIGUALDAD DE G\311NERO}{section*.16}% 72
\BOOKMARK [3][]{section*.17}{EFECTOS DE LAS TRANSFERENCIAS CONDICIONADAS DE INGRESO SOBRE LA PARTICIPACI\323N LABORAL DE LOS ADULTOS: EL CASO DE LA AUH EN ARGENTINA}{section*.16}% 73
\BOOKMARK [3][]{section*.17}{ESTIMACI\323N ROBUSTA EN MODELOS DE REGRESI\323N CON ERRORES EN LAS VARIABLES FUNCIONALES}{section*.16}% 74
\BOOKMARK [3][]{section*.17}{ESTRATEGIAS METODOL\323GICAS PARA DATOS DE PANEL EL CASO DE LOS BANCOS T\315PICOS EN ARGENTINA}{section*.16}% 75
\BOOKMARK [3][]{section*.17}{ESTRUCTURA DE COVARIANZA ESTIMADA PARA EL MODELO ESTRUCTURAL ASIM\311TRICO DE CAUDALES DE DRENAJE}{section*.16}% 76
\BOOKMARK [3][]{section*.17}{\315NDICES DE DESARROLLO PSICOMOTOR POR PROVINCIA EN NI\321OS MENORES DE SEIS A\321OS. DATOS DE LA ENCUESTA NACIONAL DE SALUD 2005}{section*.16}% 77
\BOOKMARK [3][]{section*.17}{MODELACI\323N DEL COMPORTAMIENTO ASIMETRICO DE LOS COSTOS EN EMPRESAS ARGENTINAS INCORPORANDO CASOS ATIPICOS CON GAMLSS}{section*.16}% 78
\BOOKMARK [2][]{section*.17}{Muestreo}{section*.5}% 79
\BOOKMARK [3][]{section*.18}{C\301LCULO DE PROBABILIDADES DE INCLUSI\323N PARA MUESTREO SISTEM\301TICO CON PROBABILIDAD PROPORCIONAL AL TAMA\321O CON REEMPLAZO DE UNIDADES}{section*.17}% 80
\BOOKMARK [3][]{section*.18}{ENCUESTA DE ACTIVIDADES DE NI\321OS, NI\321AS Y ADOLESCENTES \205 RURAL \(EANNA- RURAL\) \205 DISE\321O MUESTRAL}{section*.17}% 81
\BOOKMARK [3][]{section*.18}{MUESTRAS ALEATORIAS CON UNIDADES MUESTRALES IMPUESTAS: \277QU\311 HACER?}{section*.17}% 82
\BOOKMARK [3][]{section*.18}{MUESTREO DE POBLACIONES BERNOULLI: RELACI\323N ENTRE PAR\301METROS POBLACIONALES Y MUESTRALES EN PRESENCIA DE FUENTES DE VARIABILIDAD ADICIONALES AL MUESTREO}{section*.17}% 83
\BOOKMARK [3][]{section*.18}{MUESTREO ESTRATIFICADO Y ENFOQUE DE MODELOS PARA ESTIMAR TOTALES CON DATOS ESPACIALES EN ESTUDIOS SOCIOECON\323MICOS}{section*.17}% 84
\BOOKMARK [3][]{section*.18}{POBLACIONES OCULTAS: KIDS ONLINE, MUESTRA DE HOGARES CON MARCO IMPERFECTO}{section*.17}% 85
\BOOKMARK [2][]{section*.18}{Probabilidad y procesos estoc\341sticos}{section*.5}% 86
\BOOKMARK [3][]{section*.19}{GESTI\323N EFICIENTE DE RIESGOS FINANCIEROS UTILIZANDO UN MODELO ESTOC\301STICO DE DOS FACTORES}{section*.18}% 87
\BOOKMARK [2][]{section*.19}{Series de tiempo}{section*.5}% 88
\BOOKMARK [3][]{section*.20}{EX-ANTE VOLATILITY MEASURES BASED ON AGENTS\220 EXPECTATIONS AN APPLICATION TO ARGENTINA\220S TERMS OF TRADE}{section*.19}% 89
\BOOKMARK [3][]{section*.20}{LA HETEROCEDASTICIDAD CONDICIONAL EN LA INFLACI\323N DE LA ARGENTINA \(1943 - 2013\)}{section*.19}% 90
\BOOKMARK [3][]{section*.20}{ON THE ROBUSTNESS OF THE PRINCIPAL VOLATILITY COMPONENTES}{section*.19}% 91
\BOOKMARK [3][]{section*.20}{UNIT ROOT TESTING UNDER STRUCTURAL BREAKS}{section*.19}% 92
\BOOKMARK [2][]{section*.20}{Teor\355a sobre distribuciones de probabilidad}{section*.5}% 93
\BOOKMARK [3][]{section*.21}{BONDAD DE AJUSTE DE LA DISTRIBUCI\323N DE UN \315NDICE DE EXPOSICI\323N A PLAGUICIDAS APLICACI\323N EN TRABAJADORES RURALES DE LA PROVINCIA DE C\323RDOBA}{section*.20}% 94
\BOOKMARK [2][]{section*.21}{Otras categor\355as metodol\363gicas}{section*.5}% 95
\BOOKMARK [3][]{section*.22}{AN\301LISIS DE UN PROYECTO ESTAD\315STICO BASADO EN UN SISTEMA DE INDICADORES DE RAZONAMIENTO Y PENSAMIENTO ESTAD\315STICO}{section*.21}% 96
\BOOKMARK [3][]{section*.22}{CURVAS ROC COMO MEDIDA DE DIAGN\323STICO EN MODELOS}{section*.21}% 97
\BOOKMARK [3][]{section*.22}{EL ROL DEL REFERENTE ESTAD\315STICO EN EL AREA DE SALUD PUBLICA}{section*.21}% 98
\BOOKMARK [3][]{section*.22}{ESTUDIO DEL IMPACTO REDISTRIBUTIVO DE LA ASIGNACI\323N UNIVERSAL POR HIJO EN ENTRE R\315OS. UNA APLICACI\323N DE LA METODOLOG\315A DE DESCOMPOSICI\323N DEL COEFICIENTE DE GINI}{section*.21}% 99
\BOOKMARK [3][]{section*.22}{EVALUACI\323N DE IDEAS PARA PROMOVER EL COMPROMISO Y EL APRENDIZAJE DE LA ESTAD\315STICA}{section*.21}% 100
\BOOKMARK [3][]{section*.22}{HACIA UN APRENDIZAJE PROFUNDO EN LA ASIGNATURA PROBABILIDAD Y ESTAD\315STICA NIVELES ALCANZADOS POR LOS ESTUDIANTES EN UNA ACTIVIDAD EVALUATIVA}{section*.21}% 101
\BOOKMARK [3][]{section*.22}{LA POBREZA E INDIGENCIA MULTICAUSAL: UNA PROPUESTA METODOL\323GICA PARA LA PROVINCIA DE MISIONES}{section*.21}% 102
\BOOKMARK [3][]{section*.22}{R-LADIES: MEJORANDO LA DIVERSIDAD DE G\311NERO EN LA COMUNIDAD R}{section*.21}% 103
\BOOKMARK [3][]{section*.22}{RECONOCIMIENTO DE TEXTURAS EN UNA IMAGEN POLARIM\311TRICA BASADO EN DISTANCIAS ESTOC\301STICAS}{section*.21}% 104
\BOOKMARK [3][]{section*.22}{UNA PROPUESTA DE EVALUACI\323N DE CONCEPTOS ESTAD\315STICOS EN CARRERAS DEL \301REA SOCIALES}{section*.21}% 105
\BOOKMARK [3][]{section*.22}{UNA PROPUESTA DID\301CTICA QUE PROPICIA EL TRABAJO CON IDEAS ESTOC\301STICAS FUNDAMENTALES Y EL RAZONAMIENTO INFERENCIAL INFORMAL}{section*.21}% 106
\BOOKMARK [3][]{section*.22}{USO DE INDICADORES PARA EL AN\301LISIS DE PROBLEMAS PROPUESTOS EN TEXTOS DE PROBABILIDAD Y ESTAD\315STICA PARA INGENIER\315A}{section*.21}% 107
\BOOKMARK [1][]{section*.22}{P\363sters}{}% 108
\BOOKMARK [2][]{section*.23}{Biolog\355a}{section*.22}% 109
\BOOKMARK [3][]{section*.23}{COMPARACI\323N DE T\311CNICAS NO PARAM\311TRICAS PARA EL AN\301LISIS DE DISE\321OS DE EXPERIMENTOS BIFACTORIALES CON TAMA\321OS MUESTRALES PEQUE\321OS A TRAV\311S DE UN ESTUDIO POR SIMULACI\323N}{section*.22}% 110
\BOOKMARK [3][]{section*.23}{EXTENSI\323N DEL MEN\332 EPIDEMIOLOG\315A DEL SOFTWARE INFOSTAT: PROCEDIMIENTOS PARA AN\301LISIS DE SUPERVIVENCIA}{section*.22}% 111
\BOOKMARK [3][]{section*.23}{MODELACI\323N DE LA EMERGENCIA DE PL\301NTULAS EN SITUACI\323N DE DESERTIFICACI\323N EN EL OESTE DE R\315O NEGRO: UN PROBLEMA DE SOBREDISPERSI\323N}{section*.22}% 112
\BOOKMARK [3][]{section*.23}{MODELOS ESTAD\315STICOS INFLADOS EN CERO PARA ANALIZAR DATOS BIOL\323GICOS: MICROCAVIA AUSTRALIS COMO CASO DE ESTUDIO}{section*.22}% 113
\BOOKMARK [3][]{section*.23}{NUEVO ENFOQUE PARA LA B\332SQUEDA DE GENES ISOFUNCIONALES Y SU APLICACI\323N EN EL ESTUDIO EN BACILLUS PROMOTORES DEL CRECIMIENTO VEGETAL}{section*.22}% 114
\BOOKMARK [3][]{section*.23}{SELECCI\323N DE VARIABLES PARA LA MODELACI\323N DE LA DISTRIBUCI\323N POTENCIAL DE ECHINOPSIS ATACAMENSIS UTILIZANDO MAXENT}{section*.22}% 115
\BOOKMARK [3][]{section*.23}{UN MODELO DE REGRESI\323N PARA EL AN\301LISIS DE BIOMASA DE ALGAS MARINAS}{section*.22}% 116
\BOOKMARK [3][]{section*.23}{VARIABILIDAD EN LA EXPRESI\323N DE POLIP\311PTIDOS Y ATRIBUTOS FENOT\315PICOS DURANTE LA MADUREZ DEL TOMATE}{section*.22}% 117
\BOOKMARK [2][]{section*.23}{Ciencias agropecuarias}{section*.22}% 118
\BOOKMARK [3][]{section*.24}{ALGORITMOS DE AGRUPAMIENTO MULTIVARIADOS PARA GRANDES BASES DE DATOS}{section*.23}% 119
\BOOKMARK [3][]{section*.24}{AN\301LISIS DE ESTR\311S EN POTRILLOS AL APLICAR LAS T\311CNICAS DE VINCULACI\323N Y APRENDIZAJE NO TRAUM\301TICO EMPLEANDO MODELOS MIXTOS}{section*.23}% 120
\BOOKMARK [3][]{section*.24}{AN\301LISIS DE LA EFICIENCIA DE DIFERENTES DOSIS DE ENZIMAS CON MODELOS LINEALES GENERALIZADOS EN ENSAYOS DE NUTRICI\323N EN POLLOS PARRILLEROS}{section*.23}% 121
\BOOKMARK [3][]{section*.24}{AN\301LISIS DE VARIANZA ROBUSTO EN ENSAYOS DE NUTRICI\323N EN POLLOS PARRILLEROS}{section*.23}% 122
\BOOKMARK [3][]{section*.24}{ANALISIS Y EVALUACI\323N DE LA PRODUCCI\323N DE CA\321A DE AZUCAR MEDIANTE SIMEX}{section*.23}% 123
\BOOKMARK [3][]{section*.24}{APLICACI\323N DE MODELOS LINEALES MIXTOS PARA EVALUAR LA VARIABILIDAD ESPACIAL EN UN SUELO SODICO}{section*.23}% 124
\BOOKMARK [3][]{section*.24}{APLICACI\323N DE T\311CNICAS DE METAAN\301LISIS PARA LA DETECCI\323N DE EXPRESI\323N DIFERENCIAL DE GENES EN LA CANCROSIS DE LOS C\315TRICOS}{section*.23}% 125
\BOOKMARK [3][]{section*.24}{COMPARACI\323N DE ALGORITMOS DE CLASIFICACI\323N NO SUPERVISADA PARA EL ESTUDIO DE COBERTURAS FORRAJERAS EXTENSIVAS}{section*.23}% 126
\BOOKMARK [3][]{section*.24}{COMPARACI\323N DEL ORDENAMIENTO DE PREDICCIONES BLUP EN MODELOS DE EVALUACI\323N GEN\311TICA PARA CONEJOS}{section*.23}% 127
\BOOKMARK [3][]{section*.24}{DESARROLLO DE UN MODELO PREDICTIVO PARA EL \315NDICE DE RETENCI\323N DE COMPUESTOS ORG\301NICOS VOL\301TILES}{section*.23}% 128
\BOOKMARK [3][]{section*.24}{DESARROLLO SUSTENTABLE DE CULTIVOS HIDROP\323NICOS PARA CONSUMO HUMANO: AN\301LISIS DE TASAS DE CRECIMIENTO}{section*.23}% 129
\BOOKMARK [3][]{section*.24}{DISTRIBUCI\323N Y PROPORCI\323N DE TESTIGOS EN DISE\321OS CON TESTIGOS A LA PAR}{section*.23}% 130
\BOOKMARK [3][]{section*.24}{EFICIENCIA RELATIVA DE DISE\321OS EXPERIMENTALES USADOS PARA ESTIMAR REPUESTA A LA FERTILIZACI\323N EN AGRICULTURA DE PRECISI\323N}{section*.23}% 131
\BOOKMARK [3][]{section*.24}{ESTRATEGIAS DE AN\301LISIS CON MODELOS LINEALES GENERALIZADOS MIXTOS PARA PREDICCI\323N DE NITR\323GENO MINERALIZADO APARENTE EN CULTIVO DE MA\315Z EN LA PROVINCIA DE BUENOS AIRES}{section*.23}% 132
\BOOKMARK [3][]{section*.24}{EVALUACI\323N DE LA DELIMITACI\323N DE ZONAS HOMOG\311NEAS EN SUELOS S\323DICOS INCLUYENDO INFORMACI\323N ESPACIAL}{section*.23}% 133
\BOOKMARK [3][]{section*.24}{EVALUACI\323N DE LA EFICIENCIA REPRODUCTIVA EN VACAS LECHERAS CON MODELOS DE COX MIXTOS}{section*.23}% 134
\BOOKMARK [3][]{section*.24}{EVALUACI\323N DE PAPA POS COSECHA MEDIANTE MODELOS MIXTOS LINEALES}{section*.23}% 135
\BOOKMARK [3][]{section*.24}{EVALUACI\323N DEL CRECIMIENTO DE POLLOS PARA CARNE A PARTIR DEL AN\301LISIS CONJUNTO DE DOS VARIABLES MEDIANTE UN MODELO NO LINEAL MULTIVARIADO}{section*.23}% 136
\BOOKMARK [3][]{section*.24}{IMPLEMENTACION DE HERRAMIENTAS PARA LA PREDICCION GEN\323MICA EN INFOSTAT}{section*.23}% 137
\BOOKMARK [3][]{section*.24}{METODOLOG\315A PARA LA PREDICCI\323N DEL COEFICIENTE DE RETENCI\323N DE UN HERBICIDA EN SUELO}{section*.23}% 138
\BOOKMARK [3][]{section*.24}{MODELO LOG-ACUMULADO MIXTO APLICADO A LA TASA RESPIRATORIA BAJO ESTRES SEVERO DEBIDO A TEMPERATURAS EXTREMAS EN OVINOS}{section*.23}% 139
\BOOKMARK [3][]{section*.24}{MODELOS DE CRECIMIENTO PARA GOMPHRENA PULCHELLA Y GOMPHRENA PERENNIS}{section*.23}% 140
\BOOKMARK [3][]{section*.24}{MODELOS ESTAD\315STICOS EN ENSAYOS MULTIAMBIENTALES PARA EVALUAR ASOCIACI\323N GEN\323MICA}{section*.23}% 141
\BOOKMARK [3][]{section*.24}{PONDERACI\323N DE LA T\311CNICA \215SUPPORT VECTOR MACHINE\216 \(SVM\) PARA EL MEJORAMIENTO EN LA PREDICCI\323N DE LA DISTRIBUCI\323N DE TAMA\321OS A COSECHA DE FRUTOS DE PERAS CULTIVAR BEURRE D\220 ANJOU}{section*.23}% 142
\BOOKMARK [3][]{section*.24}{PREDICCI\323N DE LA DISTRIBUCI\323N DEL TAMA\321O DE FRUTOS DE TANGOR 'MURCOTT' A COSECHA}{section*.23}% 143
\BOOKMARK [3][]{section*.24}{SELECCI\323N DE ESTRUCTURAS DE \(CO\)VARIANZAS EN EL AN\301LISIS DE DATOS EN ENSAYOS SILVICULTURALES}{section*.23}% 144
\BOOKMARK [3][]{section*.24}{USO DE T\311CNICAS GEOESTAD\315STICAS PARA CUANTIFICAR EL EFECTO DE LA INTENSIDAD DE TR\301NSITO SOBRE LA DISTRIBUCI\323N HORIZONTAL Y VERTICAL DE LA COMPACTACI\323N EN SUELOS AGR\315COLAS}{section*.23}% 145
\BOOKMARK [3][]{section*.24}{VARIABILIDAD ESPACIO-TEMPORAL DE LAS PRECIPITACIONES AL OESTE DE LA REGI\323N PAMPENA \205 IMPLICANCIAS PARA LA PRODUCCI\323N DE GRANOS}{section*.23}% 146
\BOOKMARK [2][]{section*.24}{Ecolog\355a y medio ambiente}{section*.22}% 147
\BOOKMARK [3][]{section*.25}{APLICACI\323N DE MODELOS LINEALES GENERALIZADOS MIXTOS PARA LA EVALUACI\323N DE EFECTOS DE MEZCLAS BINARIAS DE PLAGUICIDAS}{section*.24}% 148
\BOOKMARK [3][]{section*.25}{ESTUDIO DE LA DIN\301MICA DEL BENEFICIO ENERG\311TICO BRUTO ANUAL EN SISTEMAS DE PASTOREO TRASHUMANTE}{section*.24}% 149
\BOOKMARK [3][]{section*.25}{INCLUYENDO PROPIEDADES EMERGENTES AL ESTUDIO DE MOVIMIENTO ANIMAL: UN ENFOQUE ESPACIO ESTADO CON AJUSTE POR ABC}{section*.24}% 150
\BOOKMARK [3][]{section*.25}{REDUCCI\323N DE DIMENSI\323N EN UN PROBLEMA DE HUMEDALES DEL PARAN\301 MEDIO}{section*.24}% 151
\BOOKMARK [2][]{section*.25}{Econom\355a}{section*.22}% 152
\BOOKMARK [3][]{section*.26}{AN\301LISIS DE COMPONENTES PRINCIPALES CON DATOS GEORREFERENCIADOS. UNA APLICACI\323N EN LA INDUSTRIA TUR\315STICA}{section*.25}% 153
\BOOKMARK [3][]{section*.26}{AN\301LISIS DE COMPONENTES PRINCIPALES GEOGR\301FICAMENTE PONDERADAS UNA PROPUESTA DE \315NDICE DE BANCARIZACI\323N PARA LA REGI\323N CENTRO \(ARGENTINA\)}{section*.25}% 154
\BOOKMARK [3][]{section*.26}{DIFERENCIACI\323N POR CALIDAD EN EL COMERCIO GLOBAL DE ALIMENTOS PESQUEROS: UN MODELO GRAVITACIONAL A NIVEL DE PRODUCTO}{section*.25}% 155
\BOOKMARK [3][]{section*.26}{DIMENSIONES DE LA POBREZA RELATIVA}{section*.25}% 156
\BOOKMARK [3][]{section*.26}{FACTORES DETERMINANTES DE LA ADOPCI\323N DE TICS EN EMPRESAS MANUFACTURERAS DE LA PROVINCIA DE C\323RDOBA}{section*.25}% 157
\BOOKMARK [3][]{section*.26}{HETEROGENEIDAD DE LAS PREFERENCIAS DE LOS CONSUMIDORES DE ALIMENTOS DE CALIDAD DIFERENCIADA}{section*.25}% 158
\BOOKMARK [3][]{section*.26}{UN ESTUDIO SOBRE INDICADORES DE CARENCIAS CR\315TICAS A TRAV\311S DE UN AN\301LISIS DE COMPONENTES PRINCIPALES ROBUSTAS}{section*.25}% 159
\BOOKMARK [2][]{section*.26}{Educaci\363n, ciencia y cultura}{section*.22}% 160
\BOOKMARK [3][]{section*.27}{APLICACI\323N DEL MODELO DE REGRESI\323N LOG\315STICA PARA EL ESTUDIO DE LA DESERCI\323N DE LOS INGRESANTES 2016 DE LAS CARRERAS DE GRADO DE LA FACULTAD DE CIENCIAS ECON\323MICAS DE LA UNER}{section*.26}% 161
\BOOKMARK [3][]{section*.27}{COMPETENCIAS DIGITALES PARA LA EDUCACI\323N SUPERIOR A DISTANCIA. ADAPTACI\323N Y APLICACI\323N DEL CUESTIONARIO ACUTIC AL CASO DE LA FCE-UNC}{section*.26}% 162
\BOOKMARK [3][]{section*.27}{DEMORA EN LA ELECCI\323N DE CARRERA EN LA FACULTAD DE CIENCIAS ECON\323MICAS Y ESTAD\315STICA UNA ESTIMACI\323N MEDIANTE CADENAS DE MARKOV}{section*.26}% 163
\BOOKMARK [3][]{section*.27}{INGRESANTES DE LA UNIVERSIDAD NACIONAL DE ROSARIO: PERFIL SOCIO-ECON\323MICO Y RENDIMIENTO ACAD\311MICO}{section*.26}% 164
\BOOKMARK [3][]{section*.27}{PROPUESTA DE DISE\321O DE UN SISTEMA PARA EL SEGUIMIENTO ACAD\311MICO DE ESTUDIANTES Y DOCENTES DE LA CARRERA DE ING. EN SISTEMAS DE INFORMACI\323N - UTN FRC}{section*.26}% 165
\BOOKMARK [3][]{section*.27}{RENDIMIENTO ACAD\311MICO: AN\301LISIS DE TRAYECTORIAS EN MATEM\301TICA Y BIOESTAD\315STICA}{section*.26}% 166
\BOOKMARK [3][]{section*.27}{VALIDACI\323N DE UN INSTRUMENTO DISE\321ADO EN UNA C\301TEDRA DE CIRUG\315A VETERINARIA PARA INNOVAR EN LA TOMA DE EX\301MENES ORALES}{section*.26}% 167
\BOOKMARK [2][]{section*.27}{Ense\361anza de la estad\355stica}{section*.22}% 168
\BOOKMARK [3][]{section*.28}{ASISTENCIA OBLIGATORIA EN CURSOS DE ESTAD\315STICA PARA ESTUDIANTES DE CIENCIAS BIOL\323GICAS Y QU\315MICAS: ENTRE LA PERCEPCI\323N DE LOS ALUMNOS Y EL LOGRO DE LOS OBJETIVOS CURRICULARES}{section*.27}% 169
\BOOKMARK [3][]{section*.28}{CARACTERIZACI\323N DE LOS ESTUDIANTES DE BIOESTAD\315STICA Y RELACI\323N CON LA CONDICI\323N FINAL. CARRERA DE NUTRICI\323N. FACULTAD DE SALUD. UNSA}{section*.27}% 170
\BOOKMARK [3][]{section*.28}{INTERPRETACI\323N Y LECTURA DE GR\301FICOS ESTAD\315STICOS EN LOS INGRESANTES A LOS PROFESORADOS DE BIOLOG\315A Y MATEM\301TICA}{section*.27}% 171
\BOOKMARK [3][]{section*.28}{PROMOVIENDO EL DESARROLLO DEL PENSAMIENTO ESTAD\315STICO EN LA EDUCACI\323N MEDIA A TRAV\311S DEL ABORDAJE DE PROBLEM\301TICAS COMUNITARIAS}{section*.27}% 172
\BOOKMARK [3][]{section*.28}{PROPUESTA PARA LA IMPLEMENTACI\323N DEL SOFTWARE R EN LAS CARRERAS DE CONTADOR P\332BLICO Y LICENCIATURA EN ADMINISTRACI\323N DE LA FACULTAD DE CIENCIAS ECON\323MICAS Y ESTAD\315STICA DE LA UNIVERSIDAD NACIONAL DE ROSARIO}{section*.27}% 173
\BOOKMARK [2][]{section*.28}{Estad\355sticas oficiales}{section*.22}% 174
\BOOKMARK [3][]{section*.29}{DATOS ABIERTOS: PUBLICACI\323N DE DATOS EPIDEMIOL\323GICOS ROSARIO, PER\315ODO 2015-2017}{section*.28}% 175
\BOOKMARK [3][]{section*.29}{ELABORACI\323N DE INDICADORES PARA LA GESTI\323N P\332BLICA: EL CASO DE LOS INDICES DE OBRAS P\332BLICAS DE C\323RDOBA}{section*.28}% 176
\BOOKMARK [3][]{section*.29}{ELABORACI\323N DE INDICADORES PARA LA GESTI\323N P\332BLICA: EL CASO DEL FACTOR MANO DE OBRA DE C\323RDOBA}{section*.28}% 177
\BOOKMARK [3][]{section*.29}{ESTIMACI\323N POR MUESTREO DE LAS SUPERFICIES SEMBRADAS, CON CULTIVOS EXTENSIVOS M\311TODO DE SEGMENTOS ALEATORIOS}{section*.28}% 178
\BOOKMARK [2][]{section*.29}{Gen\351tica}{section*.22}% 179
\BOOKMARK [3][]{section*.30}{AN\301LISIS DEL CUMPLIMIENTO DE LOS SUPUESTOS DEL MODELO AMMI Y SU INFLUENCIA EN LA SELECCI\323N DE GENOTIPOS DE DURAZNERO}{section*.29}% 180
\BOOKMARK [3][]{section*.30}{AN\301LISIS DIALELO MULTIAMBIENTAL APLICADO EN R}{section*.29}% 181
\BOOKMARK [3][]{section*.30}{ASOCIACI\323N ENTRE VARIABILIDAD MOLECULAR Y FENOT\315PICA EN TOMATE}{section*.29}% 182
\BOOKMARK [3][]{section*.30}{EMPLEO DE MODELOS DE MEZCLA CON DISTRIBUCIONES BETA PARA LA IDENTIFICACI\323N DE GENES DIFERENCIALMENTE METILADOS EN UN ESTUDIO PAN-C\301NCER}{section*.29}% 183
\BOOKMARK [3][]{section*.30}{EXPLORACI\323N DE EFECTOS GEN\311TICOS EN GENOTIPOS DE PRIMER Y SEGUNDO CICLO DE TOMATE}{section*.29}% 184
\BOOKMARK [2][]{section*.30}{Salud humana}{section*.22}% 185
\BOOKMARK [3][]{section*.31}{AJUSTE DE MODELOS POISSON Y BINOMIAL NEGATIVO TRUNCADOS EN CERO MEDIANTE UN ENFOQUE BAYESIANO PARA DATOS DE CONTEO DE MEDICAMENTOS UTILIZADOS POR ADULTOS MAYORES}{section*.30}% 186
\BOOKMARK [3][]{section*.31}{AN\301LISIS DESCRIPTIVO LONGITUDINAL DE LA FRECUENCIA DE INTIMIDACI\323N ENTRE PARES Y SUS PRINCIPALES CARACTER\315STICAS EN ESCOLARES DE BAH\315A BLANCA}{section*.30}% 187
\BOOKMARK [3][]{section*.31}{AN\301LISIS ESTAD\315STICO DE LOS PATRONES DE COMPORTAMIENTO DE LA SUCCI\323N NUTRITIVA EN RECI\311N NACIDOS A T\311RMINO Y PREMATUROS}{section*.30}% 188
\BOOKMARK [3][]{section*.31}{APLICACI\323N DEL AN\301LISIS DE COMPONENTES PRINCIPALES PARA LA OBTENCI\323N DE PATRONES DE CONSUMO ALIMENTARIO EN UN ESTUDIO DE CASOS Y CONTROLES DE ENFERMEDAD COLELITI\301SICA}{section*.30}% 189
\BOOKMARK [3][]{section*.31}{CARACTERIZACION GENOTOXICA DE COMPUESTOS PEPTIDICOS ANTIMICROBIANOS UTILIZANDO EL ENSAYO COMETA EN LEUCOCITOS HUMANOS}{section*.30}% 190
\BOOKMARK [3][]{section*.31}{CENSO NACIONAL DE FAMILIAS CON MIEMBROS CON DISCAPACIDAD}{section*.30}% 191
\BOOKMARK [3][]{section*.31}{CONCIENCIA DE DA\321O DEL H\301BITO TAB\301QUICO EN FAMILIARES DE PACIENTES CON C\301NCER}{section*.30}% 192
\BOOKMARK [3][]{section*.31}{CUMPLIMIENTO DE LA LEY NACIONAL DE CONTROL DE TABACO EN PUNTOS DE VENTA CERCANOS A ESCUELAS SECUNDARIAS Y SU RELACI\323N CON EL CONSUMO DE TABACO EN ADOLESCENTES}{section*.30}% 193
\BOOKMARK [3][]{section*.31}{DESARROLLO DE UN NUEVO MAPA DE RIESGO EPIDEMIOL\323GICO PARA LEPTOSPIROSIS EN LA CIUDAD DE ROSARIO}{section*.30}% 194
\BOOKMARK [3][]{section*.31}{DIFERENCIAS EN NIVELES DE COLESTEROL HDL ENTRE NI\321OS KOYAS Y DE ESTADOS UNIDOS}{section*.30}% 195
\BOOKMARK [3][]{section*.31}{EFICACIA Y SEGURIDAD DE UNA FORMULACI\323N INNOVADORA DE LATANOPROST 0.005\045 LIBRE DE CLORURO DE BENZALCONIO PARA EL TRATAMIENTO DEL GLAUCOMA DE \301NGULO ABIERTO}{section*.30}% 196
\BOOKMARK [3][]{section*.31}{EPIDEMIOLOG\315A DE LA MALARIA EN PANAM\301 DESDE LA PERSPECTIVA DEL NI\321O OSCILACI\323N DEL SUR}{section*.30}% 197
\BOOKMARK [3][]{section*.31}{EVALUACI\323N DE LA EYACULACI\323N EN LESIONADOS MEDULARES TRAUM\301TICOS MEDIANTE ESTAD\315STICA MULTIVARIADA Y REGRESI\323N}{section*.30}% 198
\BOOKMARK [3][]{section*.31}{EVALUACI\323N DEL EFECTO DE LA CIRUG\315A DE PTERIGI\323N EN LA EVOLUCI\323N DEL ASTIGMATISMO CORNEAL A TRAV\311S DEL USO DE MODELOS LINEALES GENERALES MIXTOS}{section*.30}% 199
\BOOKMARK [3][]{section*.31}{IDENTIFICACI\323N DE PERFILES DE LA VOZ EN ENFERMOS DE PARKINSON CON REDES NEURONALES}{section*.30}% 200
\BOOKMARK [3][]{section*.31}{INTERVALOS DE CONFIANZA PARA LA RAZ\323N COSTO-EFECTIVIDAD: UNA COMPARACI\323N DE T\311CNICAS PARAM\311TRICAS Y NO PARAM\311TRICAS MEDIANTE SIMULACI\323N}{section*.30}% 201
\BOOKMARK [3][]{section*.31}{REVISI\323N SISTEM\301TICA DE LOS EFECTOS PRODUCIDOS POR CAMBIOS EN LA DIETA ALIMENTARIA SOBRE LA PRESI\323N ARTERIAL}{section*.30}% 202
\BOOKMARK [3][]{section*.31}{SEGUIMIENTO DE PACIENTES TRATADOS POR UNA INFECCI\323N PARASITARIA CR\323NICA: REVISI\323N SISTEM\301TICA Y METAAN\301LISIS DE PARTICIPANTES INDIVIDUALES}{section*.30}% 203
\BOOKMARK [2][]{section*.31}{Sociolog\355a}{section*.22}% 204
\BOOKMARK [3][]{section*.32}{ESTIMACI\323N DEL TRASVASE DE VOTOS ENTRE PARTIDOS APLICACI\323N DE UN MODELO MATEM\301TICO A LOS RESULTADOS DE LA ELECCIONES DE LA PROVINCIA DE SANTA FE A\321OS 2011-2015}{section*.31}% 205
\BOOKMARK [2][]{section*.32}{Otras ciencias de la salud}{section*.22}% 206
\BOOKMARK [3][]{section*.33}{AN\301LISIS ESTAD\315STICO PARA EVALUAR UN M\311TODO DE ACREDITACI\323N DE IDENTIDAD EN RECI\311N NACIDOS}{section*.32}% 207
\BOOKMARK [3][]{section*.33}{APLICACI\323N DE METODOLOG\315A NO PARAM\311TRICA Y MULTIVARIADA PARA EL AN\301LISIS DE ATRIBUTOS DE UN CONJUNTO DE YERBAS COMERCIALES}{section*.32}% 208
\BOOKMARK [3][]{section*.33}{EVALUACI\323N DE FACTORES INFLUYENTES EN LA PRESI\323N ARTERIAL EN PACIENTES HIPERTENSOS UTILIZANDO UN MODELO LINEAL MIXTO}{section*.32}% 209
\BOOKMARK [3][]{section*.33}{GAMMA MIXED MODEL FOR LONGITUDINAL DATA ANALYSIS: MEMORY EVALUATION OF RATS WITH CEREBRAL ISCHEMIA COMBINED WITH DIABETES}{section*.32}% 210
\BOOKMARK [3][]{section*.33}{MODELOS PARA EL TRATAMIENTO DE SESGOS EN ESTUDIOS DE DATOS AGREGADOS EN ESPACIO Y/O TIEMPO}{section*.32}% 211
\BOOKMARK [3][]{section*.33}{RE-PENSANDO UN ESTUDIO CONFIRMATORIO COMO \215ADAPTATIVO\216 USANDO EL ENFOQUE DE LA PROBABILIDAD PREDICTIVA Y LOS MODELOS DE REGRESSION POR CUANTILES}{section*.32}% 212
\BOOKMARK [3][]{section*.33}{TRASTORNOS DEL ESPECTRO AUTISTA ESTIMACI\323N DE SU PREVALENCIA A EDADES TEMPRANAS EN LA CIUDAD DE SANTA FE, COSTOS DE TRATAMIENTO Y EFECTOS DE LA ACTIVIDAD F\315SICA SOBRE HABILIDADES MOTORAS GRUESAS}{section*.32}% 213
\BOOKMARK [2][]{section*.33}{Otras ciencias econ\363micas, administraci\363n y negocios}{section*.22}% 214
\BOOKMARK [3][]{section*.34}{AN\301LISIS DE LA INFORMACI\323N FINANCIERA Y DE MERCADO EN EMPRESAS LATINOAMERICANAS A TRAV\311S DE LA APLICACI\323N DE MODELOS MIXTOS}{section*.33}% 215
\BOOKMARK [3][]{section*.34}{CONSTRUCCI\323N DE UNA ESCALA PARA MEDIR LA PROPENSI\323N DE USO DE PLATAFORMAS DE FINANCIAMIENTO MASIVO EN ESTUDIANTES DE CIENCIAS ECON\323MICAS}{section*.33}% 216
\BOOKMARK [3][]{section*.34}{DETERMINANTES DE LA INNOVACION UN AN\301LISIS A NIVEL DE FIRMA POR TAMA\321O Y SECTOR}{section*.33}% 217
\BOOKMARK [3][]{section*.34}{EL PROTOCOLO Y SU EFECTO SOBRE LA CONTINUIDAD DE LA EMPRESA FAMILIAR A TRAV\311S DE MODELOS DE ECUACIONES ESTRUCTURALES}{section*.33}% 218
\BOOKMARK [3][]{section*.34}{ESTIMACION DEL COMPORTAMIENTO ASIMETRICO DE LOS COSTOS CON UN MODELO LINEAL MIXTO COMPARACION DE EMPRESAS ARGENTINAS, CHILENAS, PERUANAS Y COLOMBIANAS}{section*.33}% 219
\BOOKMARK [3][]{section*.34}{FACTORES DETERMINANTES EN LA PERCEPCI\323N DE LOS EGRESADOS EN CIENCIAS ECON\323MICAS EN RELACI\323N A SU CONSEJO PROFESIONAL APLICANDO UN MODELO DE ECUACIONES ESTRUCTURALES}{section*.33}% 220
\BOOKMARK [3][]{section*.34}{MODELO ESTRUCTURAL DE LAS RELACIONES ENTRE VARIABLES SOCIOECON\323MICAS Y LA DECISI\323N DE COMPRA FAMILIAR DE ALIMENTOS EN ADULTOS MAYORES}{section*.33}% 221
\BOOKMARK [3][]{section*.34}{MODELOS ADITIVOS GENERALIZADOS UNA APLICACI\323N EN EL CAMPO DEL MARKETING DIRECTO}{section*.33}% 222
\BOOKMARK [3][]{section*.34}{CARACTERIZACI\323N CLIMATOL\323GICA PARA UNA REGI\323N DE LA PROVINCIA DE SANTA CRUZ DESPROVISTA DE INFORMACI\323N}{section*.33}% 223
\BOOKMARK [3][]{section*.34}{TOMA DE DECISIONES EN EL SECTOR SALUD: AN\301LISIS DEL TIEMPO DE ESTANCIA POR ACCIDENTES DE TR\301NSITO}{section*.33}% 224
\BOOKMARK [2][]{section*.34}{Otras ciencias sociales y humanas}{section*.22}% 225
\BOOKMARK [3][]{section*.35}{ANALISIS ESTADISTICO DE PUNTAS LITICAS Y SU CORRESPONDENCIA CON DIFERENTES SISTEMAS DE ARMAS}{section*.34}% 226
\BOOKMARK [3][]{section*.35}{DIMENSIONES CONCEPTUALES Y METODOL\323GICAS DEL ESTUDIO POR MUESTREO A PRODUCTORES HORT\315COLAS EN LOS DEPARTAMENTOS DE LUJ\301N Y EXALTACI\323N DE LA CRUZ, PROVINCIA DE BUENOS AIRES}{section*.34}% 227
\BOOKMARK [3][]{section*.35}{ESTUDIO DE LOS \215NI-NI\216 DEL GRAN C\323RDOBA A TRAV\311S DE UN MODELO DE REGRESI\323N LOG\315STICA}{section*.34}% 228
\BOOKMARK [3][]{section*.35}{PRUEBA PARA SIMETR\315A ORIENTADA POR DATOS EN DISTRIBUCIONES CON MEDIANA DESCONOCIDA}{section*.34}% 229
\BOOKMARK [2][]{section*.35}{Otras aplicaciones}{section*.22}% 230
\BOOKMARK [3][]{section*.36}{APLICACI\323N DE ANALISIS FACTORIAL M\332LTIPLE SOBRE DATOS DE CALIDAD DE AGUA MEDIDA MEDIANTE DIFERENTES GRUPOS DE INDICADORES}{section*.35}% 231
\BOOKMARK [3][]{section*.36}{APLICACI\323N DE MODELOS LINEALES MIXTOS PARA EVALUAR LA CAPACIDAD PULMONAR DE ESCOLARES DE LA CIUDAD DE ARTIGAS \(URUGUAY\) Y LA RELACI\323N CON SU ENTORNO 2015-2016}{section*.35}% 232
\BOOKMARK [3][]{section*.36}{APLICACI\323N DEL ALGORITMO BOOSTING ADAPTATIVO \(ADABOOST\) A UN PROBLEMA DE CLASIFICACI\323N AUTOM\301TICA DE TEXTOS}{section*.35}% 233
\BOOKMARK [3][]{section*.36}{B\332SQUEDA DE TAMA\321O DE MUESTRA Y DIMENSI\323N DE UNIDAD MUESTRAL ADECUADOS PARA LA CONFECCI\323N DE MAPAS DE RENDIMIENTO EN MANZANOS EN EL ALTO VALLE DE R\315O NEGRO Y NEUQU\311N}{section*.35}% 234
\BOOKMARK [3][]{section*.36}{CARACTERIZACI\323N CLIMATOL\323GICA PARA UNA REGI\323N DE LA PROVINCIA DE SANTA CRUZ DESPROVISTA DE INFORMACI\323N}{section*.35}% 235
\BOOKMARK [3][]{section*.36}{COMPARACI\323N DE M\311TODOS PARA COMPLETAR DATOS FALTANTES EN VARIABLES CLIMATOL\323GICAS EN PATAGONIA SUR}{section*.35}% 236
\BOOKMARK [3][]{section*.36}{ESTIMACI\323N Y PRON\323STICOS DE TASAS B\301SICAS EN EL AGLOMERADO GRAN ROSARIO UTILIZANDO M\311TODOS DE SUAVIZADO EXPONENCIAL PROBABIL\315STICOS}{section*.35}% 237
\BOOKMARK [3][]{section*.36}{ESTUDIO COMPARATIVO DEL TEGUMENTO DE TRES VARIEDADES DE ARVEJAS COMERCIALIZADAS EN LA CIUDAD DE HUMAHUACA. AN\301LISIS ESTAD\315STICO PARA SU DIFERENCIACI\323N MICROSC\323PICA}{section*.35}% 238
\BOOKMARK [3][]{section*.36}{ESTUDIO COMPARATIVO SOBRE H\301BITOS ALIMENTARIOS Y ACTIVIDAD F\315SICA DE ALUMNOS DE LA LICENCIATURA EN NUTRICI\323N, BIOQU\315MICA Y BIOTECNOLOG\315A DE LA UNIVERSIDAD NACIONAL DEL LITORAL}{section*.35}% 239
\BOOKMARK [3][]{section*.36}{ESTUDIO DEL COMPORTAMIENTO DE LOS ESTIMADORES DE REGRESI\323N EN GRANDES DIMENSIONES DE DATOS}{section*.35}% 240
\BOOKMARK [3][]{section*.36}{IDENTIFICACI\323N DE ZONAS PARA MANEJO DIFERENCIADO EN FRUTICULTURA DE PRECISI\323N EN FRUTOS DE PERA EN EL ALTO VALLE DE R\315O NEGRO Y NEUQU\311N}{section*.35}% 241
\BOOKMARK [3][]{section*.36}{LA ENTROP\315A COMO M\311TODO PARA COMPARAR IM\301GENES EN EL TIEMPO}{section*.35}% 242
\BOOKMARK [3][]{section*.36}{LA ORQUESTA ESTADISTICA AL SERVICIO DE LA PSICOMETRIA}{section*.35}% 243
\BOOKMARK [3][]{section*.36}{REGIONES E INDICES SINT\311TICOS POR APLICACI\323N DE M\311TODOS ESTAD\315STICOS MULTIVARIADOS COMO BASE PARA LA COMPARACI\323N DE COMPONENTES DEMOGR\301FICAS}{section*.35}% 244
\BOOKMARK [3][]{section*.36}{REGRESI\323N EN GRANDES DIMENSIONES. ESTUDIO COMPARATIVO DE LA REGRESI\323N LASSO BAYESIANA Y UNA ALTERNATIVA LASSO BAYESIANA ROBUSTA}{section*.35}% 245
\BOOKMARK [3][]{section*.36}{SELECCI\323N DE ATRIBUTOS MEDIANTE ENTROP\315A CONDICIONAL PARA DIFERENTES NIVELES DE INCERTIDUMBRE}{section*.35}% 246
\BOOKMARK [1][]{section*.36}{\315ndice de autores}{}% 247
